{"contracts\\ticket\\interface\\ITicket.sol":{"l":{},"path":"C:\\Users\\i.ivanov\\Desktop\\projects\\nft-lottery\\contracts\\ticket\\interface\\ITicket.sol","s":{},"b":{},"f":{},"fnMap":{},"statementMap":{},"branchMap":{}},"contracts\\ticket\\Ticket.sol":{"l":{"43":7,"44":6,"48":6,"49":5,"53":0,"54":0,"65":19,"74":14,"75":14,"76":14,"77":14,"78":14,"82":0,"83":0,"87":0,"88":0,"97":5,"98":4,"99":4,"100":4,"109":0,"110":0,"111":0,"115":0,"116":0,"120":0,"121":0,"122":0,"123":0,"127":4,"128":4,"129":4,"138":0,"154":0},"path":"C:\\Users\\i.ivanov\\Desktop\\projects\\nft-lottery\\contracts\\ticket\\Ticket.sol","s":{"1":7,"2":6,"3":0,"4":19,"5":14,"6":0,"7":0,"8":0,"9":0,"10":0,"11":0,"12":5,"13":4,"14":4,"15":0,"16":0,"17":0,"18":0,"19":0,"20":0,"21":0,"22":0,"23":4,"24":4,"25":0,"26":0},"b":{"1":[1,6],"2":[1,5],"3":[0,0],"4":[19,1],"5":[5,14],"6":[1,1],"7":[1,1],"8":[1,1],"9":[1,1],"10":[1,0],"11":[0,0],"12":[0,0],"13":[6,1],"14":[5,1],"15":[1,4],"16":[0,0],"17":[0,0],"18":[0,0],"19":[0,0],"20":[0,0]},"f":{"1":7,"2":6,"3":0,"4":19,"5":0,"6":0,"7":5,"8":0,"9":0,"10":0,"11":4,"12":0},"fnMap":{"1":{"name":"fromBlock","line":42,"loc":{"start":{"line":42,"column":4},"end":{"line":45,"column":4}}},"2":{"name":"toBlock","line":47,"loc":{"start":{"line":47,"column":4},"end":{"line":50,"column":4}}},"3":{"name":"onlyOwner","line":52,"loc":{"start":{"line":52,"column":4},"end":{"line":55,"column":4}}},"4":{"name":"initialize","line":64,"loc":{"start":{"line":57,"column":4},"end":{"line":79,"column":4}}},"5":{"name":"started","line":81,"loc":{"start":{"line":81,"column":4},"end":{"line":84,"column":4}}},"6":{"name":"finished","line":86,"loc":{"start":{"line":86,"column":4},"end":{"line":89,"column":4}}},"7":{"name":"buyTicket","line":95,"loc":{"start":{"line":91,"column":4},"end":{"line":101,"column":4}}},"8":{"name":"pickFirstWinner","line":107,"loc":{"start":{"line":103,"column":4},"end":{"line":112,"column":4}}},"9":{"name":"pickSecondWinner","line":114,"loc":{"start":{"line":114,"column":4},"end":{"line":117,"column":4}}},"10":{"name":"pickWinner","line":119,"loc":{"start":{"line":119,"column":4},"end":{"line":124,"column":4}}},"11":{"name":"createTicket","line":126,"loc":{"start":{"line":126,"column":4},"end":{"line":130,"column":4}}},"12":{"name":"getRandomNumber","line":132,"loc":{"start":{"line":132,"column":4},"end":{"line":155,"column":4}}}},"statementMap":{"1":{"start":{"line":43,"column":8},"end":{"line":43,"column":60}},"2":{"start":{"line":48,"column":8},"end":{"line":48,"column":60}},"3":{"start":{"line":53,"column":8},"end":{"line":53,"column":54}},"4":{"start":{"line":65,"column":8},"end":{"line":65,"column":1877}},"5":{"start":{"line":74,"column":8},"end":{"line":74,"column":36}},"6":{"start":{"line":82,"column":8},"end":{"line":82,"column":47}},"7":{"start":{"line":82,"column":35},"end":{"line":82,"column":47}},"8":{"start":{"line":83,"column":8},"end":{"line":83,"column":46}},"9":{"start":{"line":87,"column":8},"end":{"line":87,"column":45}},"10":{"start":{"line":87,"column":33},"end":{"line":87,"column":45}},"11":{"start":{"line":88,"column":8},"end":{"line":88,"column":44}},"12":{"start":{"line":97,"column":8},"end":{"line":97,"column":61}},"13":{"start":{"line":98,"column":8},"end":{"line":98,"column":21}},"14":{"start":{"line":100,"column":8},"end":{"line":100,"column":48}},"15":{"start":{"line":109,"column":8},"end":{"line":109,"column":71}},"16":{"start":{"line":111,"column":8},"end":{"line":111,"column":62}},"17":{"start":{"line":115,"column":8},"end":{"line":115,"column":67}},"18":{"start":{"line":116,"column":8},"end":{"line":116,"column":63}},"19":{"start":{"line":120,"column":8},"end":{"line":120,"column":67}},"20":{"start":{"line":121,"column":8},"end":{"line":121,"column":62}},"21":{"start":{"line":122,"column":8},"end":{"line":122,"column":39}},"22":{"start":{"line":123,"column":8},"end":{"line":123,"column":37}},"23":{"start":{"line":127,"column":8},"end":{"line":127,"column":45}},"24":{"start":{"line":129,"column":8},"end":{"line":129,"column":28}},"25":{"start":{"line":138,"column":8},"end":{"line":138,"column":4198}},"26":{"start":{"line":154,"column":8},"end":{"line":154,"column":44}}},"branchMap":{"1":{"line":43,"type":"if","locations":[{"start":{"line":43,"column":8},"end":{"line":43,"column":8}},{"start":{"line":43,"column":8},"end":{"line":43,"column":8}}]},"2":{"line":48,"type":"if","locations":[{"start":{"line":48,"column":8},"end":{"line":48,"column":8}},{"start":{"line":48,"column":8},"end":{"line":48,"column":8}}]},"3":{"line":53,"type":"if","locations":[{"start":{"line":53,"column":8},"end":{"line":53,"column":8}},{"start":{"line":53,"column":8},"end":{"line":53,"column":8}}]},"4":{"line":64,"type":"if","locations":[{"start":{"line":64,"column":15},"end":{"line":64,"column":15}},{"start":{"line":64,"column":15},"end":{"line":64,"column":15}}]},"5":{"line":65,"type":"if","locations":[{"start":{"line":65,"column":8},"end":{"line":65,"column":8}},{"start":{"line":65,"column":8},"end":{"line":65,"column":8}}]},"6":{"line":66,"type":"cond-expr","locations":[{"start":{"line":66,"column":12},"end":{"line":66,"column":35}},{"start":{"line":67,"column":12},"end":{"line":67,"column":37}}]},"7":{"line":66,"type":"cond-expr","locations":[{"start":{"line":66,"column":12},"end":{"line":67,"column":37}},{"start":{"line":68,"column":12},"end":{"line":68,"column":43}}]},"8":{"line":66,"type":"cond-expr","locations":[{"start":{"line":66,"column":12},"end":{"line":68,"column":43}},{"start":{"line":69,"column":12},"end":{"line":69,"column":46}}]},"9":{"line":66,"type":"cond-expr","locations":[{"start":{"line":66,"column":12},"end":{"line":69,"column":46}},{"start":{"line":70,"column":12},"end":{"line":70,"column":27}}]},"10":{"line":66,"type":"cond-expr","locations":[{"start":{"line":66,"column":12},"end":{"line":70,"column":27}},{"start":{"line":71,"column":12},"end":{"line":71,"column":31}}]},"11":{"line":82,"type":"if","locations":[{"start":{"line":82,"column":8},"end":{"line":82,"column":8}},{"start":{"line":82,"column":8},"end":{"line":82,"column":8}}]},"12":{"line":87,"type":"if","locations":[{"start":{"line":87,"column":8},"end":{"line":87,"column":8}},{"start":{"line":87,"column":8},"end":{"line":87,"column":8}}]},"13":{"line":94,"type":"if","locations":[{"start":{"line":94,"column":8},"end":{"line":94,"column":8}},{"start":{"line":94,"column":8},"end":{"line":94,"column":8}}]},"14":{"line":95,"type":"if","locations":[{"start":{"line":95,"column":8},"end":{"line":95,"column":8}},{"start":{"line":95,"column":8},"end":{"line":95,"column":8}}]},"15":{"line":97,"type":"if","locations":[{"start":{"line":97,"column":8},"end":{"line":97,"column":8}},{"start":{"line":97,"column":8},"end":{"line":97,"column":8}}]},"16":{"line":105,"type":"if","locations":[{"start":{"line":105,"column":8},"end":{"line":105,"column":8}},{"start":{"line":105,"column":8},"end":{"line":105,"column":8}}]},"17":{"line":106,"type":"if","locations":[{"start":{"line":106,"column":8},"end":{"line":106,"column":8}},{"start":{"line":106,"column":8},"end":{"line":106,"column":8}}]},"18":{"line":107,"type":"if","locations":[{"start":{"line":107,"column":8},"end":{"line":107,"column":8}},{"start":{"line":107,"column":8},"end":{"line":107,"column":8}}]},"19":{"line":114,"type":"if","locations":[{"start":{"line":114,"column":41},"end":{"line":114,"column":41}},{"start":{"line":114,"column":41},"end":{"line":114,"column":41}}]},"20":{"line":114,"type":"if","locations":[{"start":{"line":114,"column":51},"end":{"line":114,"column":51}},{"start":{"line":114,"column":51},"end":{"line":114,"column":51}}]}}},"contracts\\ticket\\TicketV2.sol":{"l":{},"path":"C:\\Users\\i.ivanov\\Desktop\\projects\\nft-lottery\\contracts\\ticket\\TicketV2.sol","s":{},"b":{},"f":{},"fnMap":{},"statementMap":{},"branchMap":{}},"contracts\\TicketFactory.sol":{"l":{"14":0,"25":0,"26":0,"34":0},"path":"C:\\Users\\i.ivanov\\Desktop\\projects\\nft-lottery\\contracts\\TicketFactory.sol","s":{"1":0,"2":0,"3":0},"b":{},"f":{"1":0,"2":0},"fnMap":{"1":{"name":"constructor","line":13,"loc":{"start":{"line":13,"column":4},"end":{"line":15,"column":4}}},"2":{"name":"addNewProxy","line":17,"loc":{"start":{"line":17,"column":4},"end":{"line":35,"column":4}}}},"statementMap":{"1":{"start":{"line":25,"column":8},"end":{"line":25,"column":63}},"2":{"start":{"line":26,"column":8},"end":{"line":26,"column":646}},"3":{"start":{"line":34,"column":8},"end":{"line":34,"column":48}}},"branchMap":{}},"contracts\\TicketProxy.sol":{"l":{"10":0,"14":0,"18":0},"path":"C:\\Users\\i.ivanov\\Desktop\\projects\\nft-lottery\\contracts\\TicketProxy.sol","s":{"1":0},"b":{},"f":{"1":0,"2":0,"3":0},"fnMap":{"1":{"name":"constructor","line":9,"loc":{"start":{"line":9,"column":4},"end":{"line":11,"column":4}}},"2":{"name":"_implementation","line":13,"loc":{"start":{"line":13,"column":4},"end":{"line":15,"column":4}}},"3":{"name":"changeImpl","line":17,"loc":{"start":{"line":17,"column":4},"end":{"line":19,"column":4}}}},"statementMap":{"1":{"start":{"line":14,"column":8},"end":{"line":14,"column":35}}},"branchMap":{}}}